<?xml version="1.0" encoding="UTF-8"?>
<!-- Generated by org.testng.reporters.JUnitXMLReporter -->
<testsuite hostname="LAPTOP-7BILRHNT" ignored="0" name="Default test" tests="2" failures="0" timestamp="2020-05-16T17:50:29 IST" time="14.169" errors="0">
  <testcase name="test" time="10.281" classname="io.github.madhank93.selenium_maven_travisci.SimpleTest"/>
  <testcase name="screenshot" time="0.269" classname="io.github.madhank93.selenium_maven_travisci.SimpleTest"/>
</testsuite> <!-- Default test -->
