<?xml version="1.0" encoding="UTF-8"?>
<testng-results ignored="0" total="1" passed="1" failed="0" skipped="0">
  <reporter-output>
  </reporter-output>
  <suite started-at="2020-05-06T19:15:10 IST" name="Default suite" finished-at="2020-05-06T19:15:22 IST" duration-ms="12662">
    <groups>
    </groups>
    <test started-at="2020-05-06T19:15:10 IST" name="Default test" finished-at="2020-05-06T19:15:22 IST" duration-ms="12662">
      <class name="io.github.madhank93.selenium_maven_travisci.GoogleTest">
        <test-method is-config="true" signature="setupClass()[pri:0, instance:io.github.madhank93.selenium_maven_travisci.GoogleTest@51f116b8]" started-at="2020-05-06T19:15:10 IST" name="setupClass" finished-at="2020-05-06T19:15:11 IST" duration-ms="760" status="PASS">
          <reporter-output>
          </reporter-output>
        </test-method> <!-- setupClass -->
        <test-method is-config="true" signature="setupTest()[pri:0, instance:io.github.madhank93.selenium_maven_travisci.GoogleTest@51f116b8]" started-at="2020-05-06T19:15:11 IST" name="setupTest" finished-at="2020-05-06T19:15:12 IST" duration-ms="1366" status="PASS">
          <reporter-output>
          </reporter-output>
        </test-method> <!-- setupTest -->
        <test-method signature="test()[pri:0, instance:io.github.madhank93.selenium_maven_travisci.GoogleTest@51f116b8]" started-at="2020-05-06T19:15:12 IST" name="test" finished-at="2020-05-06T19:15:22 IST" duration-ms="10386" status="PASS">
          <reporter-output>
          </reporter-output>
        </test-method> <!-- test -->
        <test-method is-config="true" signature="teardown()[pri:0, instance:io.github.madhank93.selenium_maven_travisci.GoogleTest@51f116b8]" started-at="2020-05-06T19:15:22 IST" name="teardown" finished-at="2020-05-06T19:15:22 IST" duration-ms="91" status="PASS">
          <reporter-output>
          </reporter-output>
        </test-method> <!-- teardown -->
      </class> <!-- io.github.madhank93.selenium_maven_travisci.GoogleTest -->
    </test> <!-- Default test -->
  </suite> <!-- Default suite -->
</testng-results>
