<?xml version="1.0" encoding="UTF-8"?>
<testng-results skipped="0" failed="0" ignored="0" total="1" passed="1">
  <reporter-output>
  </reporter-output>
  <suite name="Default suite" duration-ms="30978" started-at="2020-05-16T16:43:49 IST" finished-at="2020-05-16T16:44:20 IST">
    <groups>
    </groups>
    <test name="Default test" duration-ms="30978" started-at="2020-05-16T16:43:49 IST" finished-at="2020-05-16T16:44:20 IST">
      <class name="io.github.madhank93.selenium_maven_travisci.GoogleTest">
        <test-method status="PASS" signature="setupClass()[pri:0, instance:io.github.madhank93.selenium_maven_travisci.GoogleTest@64729b1e]" name="setupClass" is-config="true" duration-ms="2890" started-at="2020-05-16T16:43:49 IST" finished-at="2020-05-16T16:43:52 IST">
          <reporter-output>
          </reporter-output>
        </test-method> <!-- setupClass -->
        <test-method status="PASS" signature="setupTest()[pri:0, instance:io.github.madhank93.selenium_maven_travisci.GoogleTest@64729b1e]" name="setupTest" is-config="true" duration-ms="11058" started-at="2020-05-16T16:43:52 IST" finished-at="2020-05-16T16:44:03 IST">
          <reporter-output>
          </reporter-output>
        </test-method> <!-- setupTest -->
        <test-method status="PASS" signature="test()[pri:0, instance:io.github.madhank93.selenium_maven_travisci.GoogleTest@64729b1e]" name="test" duration-ms="16413" started-at="2020-05-16T16:44:03 IST" finished-at="2020-05-16T16:44:19 IST">
          <reporter-output>
          </reporter-output>
        </test-method> <!-- test -->
        <test-method status="PASS" signature="teardown()[pri:0, instance:io.github.madhank93.selenium_maven_travisci.GoogleTest@64729b1e]" name="teardown" is-config="true" duration-ms="580" started-at="2020-05-16T16:44:19 IST" finished-at="2020-05-16T16:44:20 IST">
          <reporter-output>
          </reporter-output>
        </test-method> <!-- teardown -->
      </class> <!-- io.github.madhank93.selenium_maven_travisci.GoogleTest -->
    </test> <!-- Default test -->
  </suite> <!-- Default suite -->
</testng-results>
